# JRE version: Java(TM) SE Runtime Environment (8.0_74-b02) (build 1.8.0_74-b02)
# Java VM: Java HotSpot(TM) 64-Bit Server VM (25.74-b02 mixed mode linux-amd64 compressed oops)
Heap:
 PSYoungGen      total 567808K, used 43496K [0x000000076ab00000, 0x0000000790000000, 0x00000007c0000000)
  eden space 524288K, 0% used [0x000000076ab00000,0x000000076ab00000,0x000000078ab00000)
  from space 43520K, 99% used [0x000000078ab00000,0x000000078d57a358,0x000000078d580000)
  to   space 43520K, 0% used [0x000000078d580000,0x000000078d580000,0x0000000790000000)
 ParOldGen       total 699392K, used 94491K [0x00000006c0000000, 0x00000006eab00000, 0x000000076ab00000)
  object space 699392K, 13% used [0x00000006c0000000,0x00000006c5c46df0,0x00000006eab00000)
 Metaspace       used 20742K, capacity 21158K, committed 21296K, reserved 1069056K
  class space    used 2511K, capacity 2641K, committed 2688K, reserved 1048576K
GC Heap History (5 events):
Event: 4,200 GC heap before
{Heap before GC invocations=1 (full 0):
 PSYoungGen      total 305664K, used 262144K [0x000000076ab00000, 0x0000000780000000, 0x00000007c0000000)
  eden space 262144K, 100% used [0x000000076ab00000,0x000000077ab00000,0x000000077ab00000)
  from space 43520K, 0% used [0x000000077d580000,0x000000077d580000,0x0000000780000000)
  to   space 43520K, 0% used [0x000000077ab00000,0x000000077ab00000,0x000000077d580000)
 ParOldGen       total 699392K, used 0K [0x00000006c0000000, 0x00000006eab00000, 0x000000076ab00000)
  object space 699392K, 0% used [0x00000006c0000000,0x00000006c0000000,0x00000006eab00000)
 Metaspace       used 15043K, capacity 15220K, committed 15488K, reserved 1062912K
  class space    used 1776K, capacity 1878K, committed 1920K, reserved 1048576K
Event: 4,283 GC heap after
Heap after GC invocations=1 (full 0):
 PSYoungGen      total 305664K, used 43520K [0x000000076ab00000, 0x0000000790000000, 0x00000007c0000000)
  eden space 262144K, 0% used [0x000000076ab00000,0x000000076ab00000,0x000000077ab00000)
  from space 43520K, 100% used [0x000000077ab00000,0x000000077d580000,0x000000077d580000)
  to   space 43520K, 0% used [0x000000078d580000,0x000000078d580000,0x0000000790000000)
 ParOldGen       total 699392K, used 20471K [0x00000006c0000000, 0x00000006eab00000, 0x000000076ab00000)
  object space 699392K, 2% used [0x00000006c0000000,0x00000006c13fdc90,0x00000006eab00000)
 Metaspace       used 15043K, capacity 15220K, committed 15488K, reserved 1062912K
  class space    used 1776K, capacity 1878K, committed 1920K, reserved 1048576K
}
Event: 7,036 GC heap before
{Heap before GC invocations=2 (full 0):
 PSYoungGen      total 305664K, used 305664K [0x000000076ab00000, 0x0000000790000000, 0x00000007c0000000)
  eden space 262144K, 100% used [0x000000076ab00000,0x000000077ab00000,0x000000077ab00000)
  from space 43520K, 100% used [0x000000077ab00000,0x000000077d580000,0x000000077d580000)
  to   space 43520K, 0% used [0x000000078d580000,0x000000078d580000,0x0000000790000000)
 ParOldGen       total 699392K, used 20471K [0x00000006c0000000, 0x00000006eab00000, 0x000000076ab00000)
  object space 699392K, 2% used [0x00000006c0000000,0x00000006c13fdc90,0x00000006eab00000)
 Metaspace       used 19004K, capacity 19314K, committed 19584K, reserved 1067008K
  class space    used 2277K, capacity 2391K, committed 2432K, reserved 1048576K
Event: 7,223 GC heap after
Heap after GC invocations=2 (full 0):
 PSYoungGen      total 567808K, used 43504K [0x000000076ab00000, 0x0000000790000000, 0x00000007c0000000)
  eden space 524288K, 0% used [0x000000076ab00000,0x000000076ab00000,0x000000078ab00000)
  from space 43520K, 99% used [0x000000078d580000,0x000000078fffc030,0x0000000790000000)
  to   space 43520K, 0% used [0x000000078ab00000,0x000000078ab00000,0x000000078d580000)
 ParOldGen       total 699392K, used 48337K [0x00000006c0000000, 0x00000006eab00000, 0x000000076ab00000)
  object space 699392K, 6% used [0x00000006c0000000,0x00000006c2f347d8,0x00000006eab00000)
 Metaspace       used 19004K, capacity 19314K, committed 19584K, reserved 1067008K
  class space    used 2277K, capacity 2391K, committed 2432K, reserved 1048576K
}
Event: 11,922 GC heap before
{Heap before GC invocations=3 (full 0):
 PSYoungGen      total 567808K, used 525820K [0x000000076ab00000, 0x0000000790000000, 0x00000007c0000000)
  eden space 524288K, 91% used [0x000000076ab00000,0x0000000788203000,0x000000078ab00000)
  from space 43520K, 99% used [0x000000078d580000,0x000000078fffc030,0x0000000790000000)
  to   space 43520K, 0% used [0x000000078ab00000,0x000000078ab00000,0x000000078d580000)
 ParOldGen       total 699392K, used 48337K [0x00000006c0000000, 0x00000006eab00000, 0x000000076ab00000)
  object space 699392K, 6% used [0x00000006c0000000,0x00000006c2f347d8,0x00000006eab00000)
 Metaspace       used 20742K, capacity 21158K, committed 21296K, reserved 1069056K
  class space    used 2511K, capacity 2641K, committed 2688K, reserved 1048576K

